<?xml version="1.0" encoding="UTF-8"?>
<!-- Generated by org.testng.reporters.JUnitXMLReporter -->
<testsuite ignored="0" hostname="devbox" failures="0" tests="3" name="Surefire test" time="2.929" errors="0" timestamp="2025-06-25T05:30:12 UTC">
  <testcase classname="com.example.tests.web.WebLoginTests" name="@BeforeMethod setupTest" time="2.852">
    <failure type="org.openqa.selenium.SessionNotCreatedException" message="Could not start a new session. Response code 500. Message: session not created: probably user data directory is already in use, please specify a unique value for --user-data-dir argument, or don&amp;apos;t use --user-data-dir
Host info: host: &amp;apos;devbox&amp;apos;, ip: &amp;apos;192.168.0.2&amp;apos;
Build info: version: &amp;apos;4.21.0&amp;apos;, revision: &amp;apos;79ed462ef4&amp;apos;
System info: os.name: &amp;apos;Linux&amp;apos;, os.arch: &amp;apos;amd64&amp;apos;, os.version: &amp;apos;6.8.0&amp;apos;, java.version: &amp;apos;21.0.7&amp;apos;
Driver info: org.openqa.selenium.chrome.ChromeDriver
Command: [null, newSession {capabilities=[Capabilities {browserName: chrome, goog:chromeOptions: {args: [--no-sandbox, --disable-dev-shm-usage, --disable-features=VizDispl...], binary: /home/jules/.cache/selenium..., extensions: []}}]}]">
      <![CDATA[org.openqa.selenium.SessionNotCreatedException: Could not start a new session. Response code 500. Message: session not created: probably user data directory is already in use, please specify a unique value for --user-data-dir argument, or don't use --user-data-dir
Host info: host: 'devbox', ip: '192.168.0.2'
Build info: version: '4.21.0', revision: '79ed462ef4'
System info: os.name: 'Linux', os.arch: 'amd64', os.version: '6.8.0', java.version: '21.0.7'
Driver info: org.openqa.selenium.chrome.ChromeDriver
Command: [null, newSession {capabilities=[Capabilities {browserName: chrome, goog:chromeOptions: {args: [--no-sandbox, --disable-dev-shm-usage, --disable-features=VizDispl...], binary: /home/jules/.cache/selenium..., extensions: []}}]}]
at org.openqa.selenium.remote.ProtocolHandshake.createSession(ProtocolHandshake.java:114)
at org.openqa.selenium.remote.ProtocolHandshake.createSession(ProtocolHandshake.java:75)
at org.openqa.selenium.remote.ProtocolHandshake.createSession(ProtocolHandshake.java:61)
at org.openqa.selenium.remote.HttpCommandExecutor.execute(HttpCommandExecutor.java:162)
at org.openqa.selenium.remote.service.DriverCommandExecutor.invokeExecute(DriverCommandExecutor.java:216)
at org.openqa.selenium.remote.service.DriverCommandExecutor.execute(DriverCommandExecutor.java:174)
at org.openqa.selenium.remote.RemoteWebDriver.execute(RemoteWebDriver.java:518)
at org.openqa.selenium.remote.RemoteWebDriver.startSession(RemoteWebDriver.java:232)
at org.openqa.selenium.remote.RemoteWebDriver.<init>(RemoteWebDriver.java:161)
at org.openqa.selenium.chromium.ChromiumDriver.<init>(ChromiumDriver.java:114)
at org.openqa.selenium.chrome.ChromeDriver.<init>(ChromeDriver.java:88)
at org.openqa.selenium.chrome.ChromeDriver.<init>(ChromeDriver.java:83)
at org.openqa.selenium.chrome.ChromeDriver.<init>(ChromeDriver.java:72)
at com.example.pages.web.BasePage.initializeWebDriver(BasePage.java:68)
at com.example.pages.web.BasePage.setupDriver(BasePage.java:78)
at com.example.tests.web.WebLoginTests.setupTest(WebLoginTests.java:28)
at java.base/java.util.ArrayList.forEach(ArrayList.java:1596)
... Removed 34 stack frames]]>
    </failure>
  </testcase> <!-- @BeforeMethod setupTest -->
  <testcase classname="com.example.tests.web.WebLoginTests" name="@AfterMethod teardownTest" time="0.0">
    <skipped/>
  </testcase> <!-- @AfterMethod teardownTest -->
  <testcase classname="com.example.tests.web.WebLoginTests" name="@BeforeMethod setupTest" time="0.0">
    <skipped/>
  </testcase> <!-- @BeforeMethod setupTest -->
  <testcase classname="com.example.tests.web.WebLoginTests" name="@AfterMethod teardownTest" time="0.0">
    <skipped/>
  </testcase> <!-- @AfterMethod teardownTest -->
  <testcase classname="com.example.tests.web.WebLoginTests" name="@BeforeMethod setupTest" time="0.0">
    <skipped/>
  </testcase> <!-- @BeforeMethod setupTest -->
  <testcase classname="com.example.tests.web.WebLoginTests" name="@AfterMethod teardownTest" time="0.0">
    <skipped/>
  </testcase> <!-- @AfterMethod teardownTest -->
  <testcase classname="com.example.tests.web.WebLoginTests" name="testInvalidLogin" time="0.0">
    <skipped/>
  </testcase> <!-- testInvalidLogin -->
  <testcase classname="com.example.tests.web.WebLoginTests" name="testSuccessfulLoginAdmin" time="0.0">
    <skipped/>
  </testcase> <!-- testSuccessfulLoginAdmin -->
  <testcase classname="com.example.tests.web.WebLoginTests" name="testSuccessfulLoginSuperAdmin" time="0.0">
    <skipped/>
  </testcase> <!-- testSuccessfulLoginSuperAdmin -->
</testsuite> <!-- Surefire test -->
